Build started 11/18/2013 2:23:38 PM.
     1>Project "C:\Users\andrew\src\mediacircus\src\libraries\lsleep\src\lsleep.vcxproj" on node 2 (build target(s)).
     1>PrepareForBuild:
         Creating directory "C:\Users\andrew\src\mediacircus\Win32\libraries\lua\5.2\".
       InitializeBuildStatus:
         Creating "C:\Users\andrew\src\mediacircus\src\libraries\lsleep\src\_build\lsleep\Debug\Win32\lsleep.unsuccessfulbuild" because "AlwaysCreate" was specified.
       ClCompile:
         c:\Program Files (x86)\Microsoft Visual Studio 10.0\VC\bin\CL.exe /c /IC:\Users\andrew\src\mediacircus\include\ /ZI /nologo /W3 /WX- /Od /Oy- /D _WINDLL /D _MBCS /Gm /EHsc /RTC1 /MDd /GS /fp:precise /Zc:wchar_t /Zc:forScope /Fo"C:\Users\andrew\src\mediacircus\src\libraries\lsleep\src\_build\lsleep\Debug\Win32\\" /Fd"C:\Users\andrew\src\mediacircus\src\libraries\lsleep\src\_build\lsleep\Debug\Win32\vc100.pdb" /Gd /TC /analyze- /errorReport:prompt lsleep.c
         lsleep.c
     1>c:\program files (x86)\microsoft visual studio 10.0\vc\include\stddef.h(73): error C2054: expected '(' to follow 'dllimport'
     1>c:\program files (x86)\microsoft visual studio 10.0\vc\include\stddef.h(73): error C2085: '__threadid' : not in formal parameter list
     1>c:\program files (x86)\microsoft visual studio 10.0\vc\include\stddef.h(75): error C2082: redefinition of formal parameter 'dllimport'
     1>c:\program files (x86)\microsoft visual studio 10.0\vc\include\stddef.h(75): error C2143: syntax error : missing ';' before 'type'
     1>c:\program files (x86)\microsoft visual studio 10.0\vc\include\stddef.h(75): error C2143: syntax error : missing ';' before 'type'
     1>c:\program files (x86)\microsoft visual studio 10.0\vc\include\stddef.h(75): error C2085: '__threadhandle' : not in formal parameter list
     1>c:\users\andrew\src\mediacircus\include\lua.h(54): error C2085: 'lua_State' : not in formal parameter list
     1>c:\users\andrew\src\mediacircus\include\lua.h(56): error C2143: syntax error : missing ')' before '*'
     1>c:\users\andrew\src\mediacircus\include\lua.h(56): error C2085: 'lua_CFunction' : not in formal parameter list
     1>c:\users\andrew\src\mediacircus\include\lua.h(56): error C2143: syntax error : missing ';' before '*'
     1>c:\users\andrew\src\mediacircus\include\lua.h(56): error C2059: syntax error : ')'
     1>c:\users\andrew\src\mediacircus\include\lua.h(62): error C2143: syntax error : missing ')' before '*'
     1>c:\users\andrew\src\mediacircus\include\lua.h(62): error C2143: syntax error : missing '{' before '*'
     1>c:\users\andrew\src\mediacircus\include\lua.h(62): error C2059: syntax error : 'type'
     1>c:\users\andrew\src\mediacircus\include\lua.h(62): error C2059: syntax error : ')'
     1>c:\users\andrew\src\mediacircus\include\lua.h(64): error C2143: syntax error : missing ')' before '*'
     1>c:\users\andrew\src\mediacircus\include\lua.h(64): error C2143: syntax error : missing '{' before '*'
     1>c:\users\andrew\src\mediacircus\include\lua.h(64): error C2059: syntax error : 'type'
     1>c:\users\andrew\src\mediacircus\include\lua.h(64): error C2059: syntax error : ')'
     1>c:\users\andrew\src\mediacircus\include\lua.h(131): error C2143: syntax error : missing '{' before '*'
     1>c:\users\andrew\src\mediacircus\include\lua.h(132): error C2143: syntax error : missing ')' before '*'
     1>c:\users\andrew\src\mediacircus\include\lua.h(132): error C2143: syntax error : missing '{' before '*'
     1>c:\users\andrew\src\mediacircus\include\lua.h(132): error C2059: syntax error : ')'
     1>c:\users\andrew\src\mediacircus\include\lua.h(133): error C2143: syntax error : missing '{' before '*'
     1>c:\users\andrew\src\mediacircus\include\lua.h(133): error C2143: syntax error : missing ')' before '*'
     1>c:\users\andrew\src\mediacircus\include\lua.h(133): error C2143: syntax error : missing '{' before '*'
     1>c:\users\andrew\src\mediacircus\include\lua.h(133): error C2059: syntax error : ')'
     1>c:\users\andrew\src\mediacircus\include\lua.h(135): error C2143: syntax error : missing ')' before '*'
     1>c:\users\andrew\src\mediacircus\include\lua.h(135): error C2091: function returns function
     1>c:\users\andrew\src\mediacircus\include\lua.h(135): error C2143: syntax error : missing '{' before '*'
     1>c:\users\andrew\src\mediacircus\include\lua.h(135): error C2146: syntax error : missing ';' before identifier 'panicf'
     1>c:\users\andrew\src\mediacircus\include\lua.h(135): error C2059: syntax error : ')'
     1>c:\users\andrew\src\mediacircus\include\lua.h(138): error C2143: syntax error : missing ')' before '*'
     1>c:\users\andrew\src\mediacircus\include\lua.h(138): error C2143: syntax error : missing '{' before '*'
     1>c:\users\andrew\src\mediacircus\include\lua.h(138): error C2059: syntax error : ')'
     1>c:\users\andrew\src\mediacircus\include\lua.h(144): error C2143: syntax error : missing ')' before '*'
     1>c:\users\andrew\src\mediacircus\include\lua.h(144): error C2143: syntax error : missing '{' before '*'
     1>c:\users\andrew\src\mediacircus\include\lua.h(144): error C2059: syntax error : 'type'
     1>c:\users\andrew\src\mediacircus\include\lua.h(144): error C2059: syntax error : ')'
     1>c:\users\andrew\src\mediacircus\include\lua.h(145): error C2143: syntax error : missing ')' before '*'
     1>c:\users\andrew\src\mediacircus\include\lua.h(145): error C2143: syntax error : missing '{' before '*'
     1>c:\users\andrew\src\mediacircus\include\lua.h(145): error C2059: syntax error : ')'
     1>c:\users\andrew\src\mediacircus\include\lua.h(146): error C2143: syntax error : missing ')' before '*'
     1>c:\users\andrew\src\mediacircus\include\lua.h(146): error C2143: syntax error : missing '{' before '*'
     1>c:\users\andrew\src\mediacircus\include\lua.h(146): error C2059: syntax error : 'type'
     1>c:\users\andrew\src\mediacircus\include\lua.h(146): error C2059: syntax error : ')'
     1>c:\users\andrew\src\mediacircus\include\lua.h(147): error C2143: syntax error : missing ')' before '*'
     1>c:\users\andrew\src\mediacircus\include\lua.h(147): error C2143: syntax error : missing '{' before '*'
     1>c:\users\andrew\src\mediacircus\include\lua.h(147): error C2059: syntax error : 'type'
     1>c:\users\andrew\src\mediacircus\include\lua.h(147): error C2059: syntax error : ')'
     1>c:\users\andrew\src\mediacircus\include\lua.h(148): error C2143: syntax error : missing ')' before '*'
     1>c:\users\andrew\src\mediacircus\include\lua.h(148): error C2143: syntax error : missing '{' before '*'
     1>c:\users\andrew\src\mediacircus\include\lua.h(148): error C2059: syntax error : 'type'
     1>c:\users\andrew\src\mediacircus\include\lua.h(148): error C2059: syntax error : ')'
     1>c:\users\andrew\src\mediacircus\include\lua.h(149): error C2143: syntax error : missing ')' before '*'
     1>c:\users\andrew\src\mediacircus\include\lua.h(149): error C2143: syntax error : missing '{' before '*'
     1>c:\users\andrew\src\mediacircus\include\lua.h(149): error C2059: syntax error : 'type'
     1>c:\users\andrew\src\mediacircus\include\lua.h(149): error C2059: syntax error : ')'
     1>c:\users\andrew\src\mediacircus\include\lua.h(150): error C2143: syntax error : missing ')' before '*'
     1>c:\users\andrew\src\mediacircus\include\lua.h(150): error C2143: syntax error : missing '{' before '*'
     1>c:\users\andrew\src\mediacircus\include\lua.h(150): error C2059: syntax error : 'type'
     1>c:\users\andrew\src\mediacircus\include\lua.h(150): error C2059: syntax error : ')'
     1>c:\users\andrew\src\mediacircus\include\lua.h(151): error C2143: syntax error : missing ')' before '*'
     1>c:\users\andrew\src\mediacircus\include\lua.h(151): error C2143: syntax error : missing '{' before '*'
     1>c:\users\andrew\src\mediacircus\include\lua.h(151): error C2059: syntax error : 'type'
     1>c:\users\andrew\src\mediacircus\include\lua.h(151): error C2059: syntax error : ')'
     1>c:\users\andrew\src\mediacircus\include\lua.h(152): error C2143: syntax error : missing ')' before '*'
     1>c:\users\andrew\src\mediacircus\include\lua.h(152): error C2143: syntax error : missing '{' before '*'
     1>c:\users\andrew\src\mediacircus\include\lua.h(152): error C2059: syntax error : 'type'
     1>c:\users\andrew\src\mediacircus\include\lua.h(152): error C2059: syntax error : ')'
     1>c:\users\andrew\src\mediacircus\include\lua.h(154): error C2143: syntax error : missing ')' before '*'
     1>c:\users\andrew\src\mediacircus\include\lua.h(154): error C2143: syntax error : missing '{' before '*'
     1>c:\users\andrew\src\mediacircus\include\lua.h(154): error C2143: syntax error : missing ';' before '*'
     1>c:\users\andrew\src\mediacircus\include\lua.h(154): error C2059: syntax error : 'type'
     1>c:\users\andrew\src\mediacircus\include\lua.h(154): error C2059: syntax error : ')'
     1>c:\users\andrew\src\mediacircus\include\lua.h(161): error C2143: syntax error : missing ')' before '*'
     1>c:\users\andrew\src\mediacircus\include\lua.h(161): error C2143: syntax error : missing '{' before '*'
     1>c:\users\andrew\src\mediacircus\include\lua.h(161): error C2059: syntax error : 'type'
     1>c:\users\andrew\src\mediacircus\include\lua.h(161): error C2059: syntax error : ')'
     1>c:\users\andrew\src\mediacircus\include\lua.h(162): error C2143: syntax error : missing ')' before '*'
     1>c:\users\andrew\src\mediacircus\include\lua.h(162): error C2143: syntax error : missing '{' before '*'
     1>c:\users\andrew\src\mediacircus\include\lua.h(162): error C2059: syntax error : 'type'
     1>c:\users\andrew\src\mediacircus\include\lua.h(162): error C2059: syntax error : ')'
     1>c:\users\andrew\src\mediacircus\include\lua.h(163): error C2143: syntax error : missing ')' before '*'
     1>c:\users\andrew\src\mediacircus\include\lua.h(163): error C2143: syntax error : missing '{' before '*'
     1>c:\users\andrew\src\mediacircus\include\lua.h(163): error C2059: syntax error : 'type'
     1>c:\users\andrew\src\mediacircus\include\lua.h(163): error C2059: syntax error : ')'
     1>c:\users\andrew\src\mediacircus\include\lua.h(164): error C2143: syntax error : missing ')' before '*'
     1>c:\users\andrew\src\mediacircus\include\lua.h(164): error C2143: syntax error : missing '{' before '*'
     1>c:\users\andrew\src\mediacircus\include\lua.h(164): error C2059: syntax error : 'type'
     1>c:\users\andrew\src\mediacircus\include\lua.h(164): error C2059: syntax error : ')'
     1>c:\users\andrew\src\mediacircus\include\lua.h(165): error C2143: syntax error : missing ')' before '*'
     1>c:\users\andrew\src\mediacircus\include\lua.h(165): error C2143: syntax error : missing '{' before '*'
     1>c:\users\andrew\src\mediacircus\include\lua.h(165): error C2059: syntax error : 'type'
     1>c:\users\andrew\src\mediacircus\include\lua.h(165): error C2059: syntax error : ')'
     1>c:\users\andrew\src\mediacircus\include\lua.h(166): error C2143: syntax error : missing ')' before '*'
     1>c:\users\andrew\src\mediacircus\include\lua.h(166): error C2143: syntax error : missing '{' before '*'
     1>c:\users\andrew\src\mediacircus\include\lua.h(166): error C2059: syntax error : 'type'
     1>c:\users\andrew\src\mediacircus\include\lua.h(166): error C2059: syntax error : ')'
     1>c:\users\andrew\src\mediacircus\include\lua.h(168): error C2143: syntax error : missing ')' before '*'
     1>c:\users\andrew\src\mediacircus\include\lua.h(168): error C2143: syntax error : missing '{' before '*'
     1>c:\users\andrew\src\mediacircus\include\lua.h(168): fatal error C1003: error count exceeds 100; stopping compilation
     1>Done Building Project "C:\Users\andrew\src\mediacircus\src\libraries\lsleep\src\lsleep.vcxproj" (build target(s)) -- FAILED.

Build FAILED.

Time Elapsed 00:00:00.74
