Build started 11/18/2013 2:26:26 PM.
     1>Project "C:\Users\andrew\src\mediacircus\src\libraries\lsleep\src\lsleep.vcxproj" on node 2 (rebuild target(s)).
     1>_PrepareForClean:
         Deleting file "C:\Users\andrew\src\mediacircus\src\libraries\lsleep\src\_build\lsleep\Debug\x64\lsleep.lastbuildstate".
       InitializeBuildStatus:
         Creating "C:\Users\andrew\src\mediacircus\src\libraries\lsleep\src\_build\lsleep\Debug\x64\lsleep.unsuccessfulbuild" because "AlwaysCreate" was specified.
       ClCompile:
         c:\Program Files (x86)\Microsoft Visual Studio 10.0\VC\bin\x86_amd64\CL.exe /c /IC:\Users\andrew\src\mediacircus\include\ /Zi /nologo /W3 /WX- /Od /D _WINDLL /D _MBCS /Gm /EHsc /RTC1 /MDd /GS /fp:precise /Zc:wchar_t /Zc:forScope /Fo"C:\Users\andrew\src\mediacircus\src\libraries\lsleep\src\_build\lsleep\Debug\x64\\" /Fd"C:\Users\andrew\src\mediacircus\src\libraries\lsleep\src\_build\lsleep\Debug\x64\vc100.pdb" /Gd /TC /errorReport:prompt lsleep.c
         lsleep.c
       Link:
         c:\Program Files (x86)\Microsoft Visual Studio 10.0\VC\bin\x86_amd64\link.exe /ERRORREPORT:PROMPT /OUT:"C:\Users\andrew\src\mediacircus\x64\libraries\lua\5.2\lsleep.dll" /NOLOGO /LIBPATH:C:\Users\andrew\src\mediacircus\x64\libraries\ /LIBPATH:C:\Users\andrew\src\mediacircus\x64\libraries\static\ lua52.lib kernel32.lib user32.lib gdi32.lib winspool.lib comdlg32.lib advapi32.lib shell32.lib ole32.lib oleaut32.lib uuid.lib odbc32.lib odbccp32.lib /MANIFEST /ManifestFile:"C:\Users\andrew\src\mediacircus\src\libraries\lsleep\src\_build\lsleep\Debug\x64\lsleep.dll.intermediate.manifest" /MANIFESTUAC:"level='asInvoker' uiAccess='false'" /DEBUG /PDB:"C:\Users\andrew\src\mediacircus\x64\libraries\lua\5.2\lsleep.pdb" /TLBID:1 /DYNAMICBASE /NXCOMPAT /IMPLIB:"C:\Users\andrew\src\mediacircus\x64\libraries\lua\5.2\lsleep.lib" /MACHINE:X64 /DLL C:\Users\andrew\src\mediacircus\src\libraries\lsleep\src\_build\lsleep\Debug\x64\lsleep.obj
            Creating library C:\Users\andrew\src\mediacircus\x64\libraries\lua\5.2\lsleep.lib and object C:\Users\andrew\src\mediacircus\x64\libraries\lua\5.2\lsleep.exp
         lsleep.vcxproj -> C:\Users\andrew\src\mediacircus\x64\libraries\lua\5.2\lsleep.dll
       Manifest:
         C:\Program Files (x86)\Microsoft SDKs\Windows\v7.0A\bin\mt.exe /nologo /verbose /outputresource:"C:\Users\andrew\src\mediacircus\x64\libraries\lua\5.2\lsleep.dll;#2" /manifest C:\Users\andrew\src\mediacircus\src\libraries\lsleep\src\_build\lsleep\Debug\x64\lsleep.dll.intermediate.manifest
       FinalizeBuildStatus:
         Deleting file "C:\Users\andrew\src\mediacircus\src\libraries\lsleep\src\_build\lsleep\Debug\x64\lsleep.unsuccessfulbuild".
         Touching "C:\Users\andrew\src\mediacircus\src\libraries\lsleep\src\_build\lsleep\Debug\x64\lsleep.lastbuildstate".
     1>Done Building Project "C:\Users\andrew\src\mediacircus\src\libraries\lsleep\src\lsleep.vcxproj" (rebuild target(s)).

Build succeeded.

Time Elapsed 00:00:00.63
